Using pre-set license
Built from '2020.2/staging' branch; Version is '2020.2.7f1 (c53830e277f1) revision 12924976'; Using compiler version '192528614'; Build Type 'Release'
OS: 'Windows 10 Pro; OS build 22000.2538; Version 2009; 64bit' Language: 'fr' Physical Memory: 7973 MB
BatchMode: 1, IsHumanControllingUs: 0, StartBugReporterOnCrash: 0, Is64bit: 1, IsPro: 0

 COMMAND LINE ARGUMENTS:
C:\Program Files\Unity\Hub\Editor\2020.2.7f1\Editor\Unity.exe
-adb2
-batchMode
-noUpm
-name
AssetImportWorker4
-projectPath
C:/Users/HP/Desktop/rm/reff
-logFile
Logs/AssetImportWorker4.log
-srvPort
50667
Successfully changed project path to: C:/Users/HP/Desktop/rm/reff
C:/Users/HP/Desktop/rm/reff
Using Asset Import Pipeline V2.
Refreshing native plugins compatible for Editor in 93.19 ms, found 1 plugins.
Preloading 0 native plugins for Editor in 0.00 ms.
Initialize engine version: 2020.2.7f1 (c53830e277f1)
[Subsystems] Discovering subsystems at path C:/Program Files/Unity/Hub/Editor/2020.2.7f1/Editor/Data/Resources/UnitySubsystems
[Subsystems] Discovering subsystems at path C:/Users/HP/Desktop/rm/reff/Assets
GfxDevice: creating device client; threaded=0
Direct3D:
    Version:  Direct3D 11.0 [level 11.1]
    Renderer: Intel(R) UHD Graphics (ID=0x8a56)
    Vendor:   
    VRAM:     3986 MB
    Driver:   27.20.100.8935
Initialize mono
Mono path[0] = 'C:/Program Files/Unity/Hub/Editor/2020.2.7f1/Editor/Data/Managed'
Mono path[1] = 'C:/Program Files/Unity/Hub/Editor/2020.2.7f1/Editor/Data/MonoBleedingEdge/lib/mono/unityjit'
Mono config path = 'C:/Program Files/Unity/Hub/Editor/2020.2.7f1/Editor/Data/MonoBleedingEdge/etc'
Using monoOptions --debugger-agent=transport=dt_socket,embedding=1,server=y,suspend=n,address=127.0.0.1:56216
Begin MonoManager ReloadAssembly
Registering precompiled unity dll's ...
Register platform support module: C:/Program Files/Unity/Hub/Editor/2020.2.7f1/Editor/Data/PlaybackEngines/WindowsStandaloneSupport/UnityEditor.WindowsStandalone.Extensions.dll
Registered in 0.001280 seconds.
Native extension for WindowsStandalone target not found
Refreshing native plugins compatible for Editor in 93.72 ms, found 1 plugins.
Preloading 0 native plugins for Editor in 0.00 ms.
Invoked RoslynAnalysisRunner static constructor.
RoslynAnalysisRunner will not be running.
RoslynAnalysisRunner has terminated.
Mono: successfully reloaded assembly
- Completed reload, in  2.250 seconds
Platform modules already initialized, skipping
Registering precompiled user dll's ...
Registered in 0.006731 seconds.
Begin MonoManager ReloadAssembly
Native extension for WindowsStandalone target not found
Refreshing native plugins compatible for Editor in 90.27 ms, found 1 plugins.
Preloading 0 native plugins for Editor in 0.00 ms.
Invoked RoslynAnalysisRunner static constructor.
RoslynAnalysisRunner will not be running.
RoslynAnalysisRunner has terminated.
Mono: successfully reloaded assembly
- Completed reload, in  1.102 seconds
Platform modules already initialized, skipping
========================================================================
Worker process is ready to serve import requests
Launched and connected shader compiler UnityShaderCompiler.exe after 0.35 seconds
Refreshing native plugins compatible for Editor in 1.19 ms, found 1 plugins.
Preloading 0 native plugins for Editor in 0.00 ms.
Unloading 3138 Unused Serialized files (Serialized files now loaded: 0)
System memory in use before: 136.3 MB.
System memory in use after: 136.5 MB.

Unloading 52 unused Assets to reduce memory usage. Loaded Objects now: 3569.
Total: 2.825700 ms (FindLiveObjects: 0.489300 ms CreateObjectMapping: 0.149400 ms MarkObjects: 2.049700 ms  DeleteObjects: 0.135600 ms)

========================================================================
Received Import Request.
  path: Assets/Textures/a6b.png
  artifactKey: Guid(b33177143ea42a44f89fabbe2bbe273c) Importer(815301076,1909f56bfc062723c751e8b465ee728b)
Start importing Assets/Textures/a6b.png using Guid(b33177143ea42a44f89fabbe2bbe273c) Importer(815301076,1909f56bfc062723c751e8b465ee728b)  -> (artifact id: 'a0b0a0f140e857242c27a2498aa8a933') in 0.825873 seconds
  Import took 0.873651 seconds .

========================================================================
Received Import Request.
  Time since last request: 0.000461 seconds.
  path: Assets/Textures/wheat.png
  artifactKey: Guid(21e0838f5882b3f43ba55eca81e19131) Importer(815301076,1909f56bfc062723c751e8b465ee728b)
Start importing Assets/Textures/wheat.png using Guid(21e0838f5882b3f43ba55eca81e19131) Importer(815301076,1909f56bfc062723c751e8b465ee728b)  -> (artifact id: 'a02060fb7ae17392e2c0da01a2a13799') in 0.044503 seconds
  Import took 0.050850 seconds .

========================================================================
Received Import Request.
  Time since last request: 0.000471 seconds.
  path: Assets/Textures/New/Pits/Greenhouse.png
  artifactKey: Guid(409cae5acdff0604ca9ea7fa88b9e22b) Importer(815301076,1909f56bfc062723c751e8b465ee728b)
Start importing Assets/Textures/New/Pits/Greenhouse.png using Guid(409cae5acdff0604ca9ea7fa88b9e22b) Importer(815301076,1909f56bfc062723c751e8b465ee728b)  -> (artifact id: '8e6b7c204698a4f2c83008a3668becd9') in 0.121371 seconds
  Import took 0.151348 seconds .

========================================================================
Received Import Request.
  Time since last request: 0.000407 seconds.
  path: Assets/Textures/africa 1.png
  artifactKey: Guid(c4a61a0ea5d7acd4badb54473982f74f) Importer(815301076,1909f56bfc062723c751e8b465ee728b)
Start importing Assets/Textures/africa 1.png using Guid(c4a61a0ea5d7acd4badb54473982f74f) Importer(815301076,1909f56bfc062723c751e8b465ee728b)  -> (artifact id: '3f5bcc55d502c912cc9150fd4cb43238') in 0.093918 seconds
  Import took 0.139591 seconds .

========================================================================
Received Import Request.
  Time since last request: 0.000284 seconds.
  path: Assets/Textures/WhatsApp_Image_2023-10-10_at_20.44.34-removebg-preview.png
  artifactKey: Guid(89894b7b6646b964b841d111ace822d9) Importer(815301076,1909f56bfc062723c751e8b465ee728b)
Start importing Assets/Textures/WhatsApp_Image_2023-10-10_at_20.44.34-removebg-preview.png using Guid(89894b7b6646b964b841d111ace822d9) Importer(815301076,1909f56bfc062723c751e8b465ee728b)  -> (artifact id: 'b4413a7a428118c131f2313d87c84927') in 0.704624 seconds
  Import took 0.763831 seconds .

========================================================================
Received Import Request.
  Time since last request: 0.000544 seconds.
  path: Assets/Textures/WhatsApp_Image_2023-10-11_at_01.05.49-removebg-preview.png
  artifactKey: Guid(0b5b20cf9752e6b48b103deaa2e7996d) Importer(815301076,1909f56bfc062723c751e8b465ee728b)
Start importing Assets/Textures/WhatsApp_Image_2023-10-11_at_01.05.49-removebg-preview.png using Guid(0b5b20cf9752e6b48b103deaa2e7996d) Importer(815301076,1909f56bfc062723c751e8b465ee728b)  -> (artifact id: '769951db70ac8dfea103c9473ba026f4') in 0.069962 seconds
  Import took 0.092354 seconds .

========================================================================
Received Import Request.
  Time since last request: 0.000510 seconds.
  path: Assets/Textures/UNAgricultur_Level1_Atlas.png
  artifactKey: Guid(c2d8c532d0de1fb4d84bb2fd10c3b463) Importer(815301076,1909f56bfc062723c751e8b465ee728b)
Start importing Assets/Textures/UNAgricultur_Level1_Atlas.png using Guid(c2d8c532d0de1fb4d84bb2fd10c3b463) Importer(815301076,1909f56bfc062723c751e8b465ee728b)  -> (artifact id: '66d29557eae3e3508c53692877502f67') in 0.173419 seconds
  Import took 0.179817 seconds .

========================================================================
Received Import Request.
  Time since last request: 0.000744 seconds.
  path: Assets/Textures/WhatsApp_Image_2023-10-11_at_01.09.10-removebg-preview.png
  artifactKey: Guid(aee42ff7c7b54614a876eafda03400ae) Importer(815301076,1909f56bfc062723c751e8b465ee728b)
Start importing Assets/Textures/WhatsApp_Image_2023-10-11_at_01.09.10-removebg-preview.png using Guid(aee42ff7c7b54614a876eafda03400ae) Importer(815301076,1909f56bfc062723c751e8b465ee728b)  -> (artifact id: 'e7d803a22fab41c7d2944da90db58b12') in 0.075279 seconds
  Import took 0.083153 seconds .

========================================================================
Received Import Request.
  Time since last request: 0.000594 seconds.
  path: Assets/Textures/WhatsApp_Image_2023-10-10_at_12.19.29-removebg-preview.png
  artifactKey: Guid(fb699c9f0e0ee6d4ca40894477dfcc62) Importer(815301076,1909f56bfc062723c751e8b465ee728b)
Start importing Assets/Textures/WhatsApp_Image_2023-10-10_at_12.19.29-removebg-preview.png using Guid(fb699c9f0e0ee6d4ca40894477dfcc62) Importer(815301076,1909f56bfc062723c751e8b465ee728b)  -> (artifact id: '5bae5632f114ae161b5edecc03090baf') in 0.062964 seconds
  Import took 0.070094 seconds .

========================================================================
Received Import Request.
  Time since last request: 0.000405 seconds.
  path: Assets/Textures/Agriculture_Level3_Atlas.png
  artifactKey: Guid(4f10570bd9ad5d54e871e3b07dfe1d4c) Importer(815301076,1909f56bfc062723c751e8b465ee728b)
Start importing Assets/Textures/Agriculture_Level3_Atlas.png using Guid(4f10570bd9ad5d54e871e3b07dfe1d4c) Importer(815301076,1909f56bfc062723c751e8b465ee728b)  -> (artifact id: '52df115a5270f6be9b91b166e929f75e') in 0.263981 seconds
  Import took 0.270332 seconds .

========================================================================
Received Import Request.
  Time since last request: 0.000519 seconds.
  path: Assets/Textures/ar 2.psd
  artifactKey: Guid(e5cfb453c3de59a45bd7fbf9b790c909) Importer(815301076,1909f56bfc062723c751e8b465ee728b)
Start importing Assets/Textures/ar 2.psd using Guid(e5cfb453c3de59a45bd7fbf9b790c909) Importer(815301076,1909f56bfc062723c751e8b465ee728b)  -> (artifact id: '66d673f267e85c84da2fe4b6cec335e0') in 0.172968 seconds
  Import took 0.179031 seconds .

========================================================================
Received Import Request.
  Time since last request: 0.000445 seconds.
  path: Assets/Textures/2946177.png
  artifactKey: Guid(498fb636479f89d4f947db802d0a9331) Importer(815301076,1909f56bfc062723c751e8b465ee728b)
Start importing Assets/Textures/2946177.png using Guid(498fb636479f89d4f947db802d0a9331) Importer(815301076,1909f56bfc062723c751e8b465ee728b)  -> (artifact id: 'e8949cd3da94d929811f1b8d2208e055') in 0.064373 seconds
  Import took 0.071582 seconds .

========================================================================
Received Import Request.
  Time since last request: 0.000564 seconds.
  path: Assets/Textures/Agriculture_Foreground_Atlas_PNG.png
  artifactKey: Guid(fd5eb10ff6782d245ba03c6e8f3faac4) Importer(815301076,1909f56bfc062723c751e8b465ee728b)
Start importing Assets/Textures/Agriculture_Foreground_Atlas_PNG.png using Guid(fd5eb10ff6782d245ba03c6e8f3faac4) Importer(815301076,1909f56bfc062723c751e8b465ee728b)  -> (artifact id: 'd6e4ae0fe8302f7549f4c3f2da2f5fc2') in 0.125187 seconds
  Import took 0.131055 seconds .

========================================================================
Received Import Request.
  Time since last request: 0.000444 seconds.
  path: Assets/Textures/wheat-field.png
  artifactKey: Guid(9ba13293711bab24facdcf2de7d5f9e2) Importer(815301076,1909f56bfc062723c751e8b465ee728b)
Start importing Assets/Textures/wheat-field.png using Guid(9ba13293711bab24facdcf2de7d5f9e2) Importer(815301076,1909f56bfc062723c751e8b465ee728b)  -> (artifact id: '94eebd76c4551f01f41a62cedfdee257') in 0.194715 seconds
  Import took 0.213041 seconds .

========================================================================
Received Import Request.
  Time since last request: 0.000431 seconds.
  path: Assets/Textures/WhatsApp-Image-2023-09-19-at-03.31.31__1_-removebg-preview (1).png
  artifactKey: Guid(ed77fd9f5f43c8b4cabb1b7780a350d0) Importer(815301076,1909f56bfc062723c751e8b465ee728b)
Start importing Assets/Textures/WhatsApp-Image-2023-09-19-at-03.31.31__1_-removebg-preview (1).png using Guid(ed77fd9f5f43c8b4cabb1b7780a350d0) Importer(815301076,1909f56bfc062723c751e8b465ee728b)  -> (artifact id: 'd694a473db13b7a4b8530f128261581a') in 0.088491 seconds
  Import took 0.143892 seconds .

========================================================================
Received Import Request.
  Time since last request: 0.000508 seconds.
  path: Assets/Textures/2946177 1.png
  artifactKey: Guid(e24528d4b7b59114eb3ac8ecba4728fa) Importer(815301076,1909f56bfc062723c751e8b465ee728b)
Start importing Assets/Textures/2946177 1.png using Guid(e24528d4b7b59114eb3ac8ecba4728fa) Importer(815301076,1909f56bfc062723c751e8b465ee728b)  -> (artifact id: '361e53d4eb9318748c6dcdb1b9698de0') in 0.085264 seconds
  Import took 0.092018 seconds .

========================================================================
Received Import Request.
  Time since last request: 0.000597 seconds.
  path: Assets/Textures/WhatsApp Image 2023-10-09 at 21.34.42 1.png
  artifactKey: Guid(10a727c20bab60644a8b02f72a26c8be) Importer(815301076,1909f56bfc062723c751e8b465ee728b)
Start importing Assets/Textures/WhatsApp Image 2023-10-09 at 21.34.42 1.png using Guid(10a727c20bab60644a8b02f72a26c8be) Importer(815301076,1909f56bfc062723c751e8b465ee728b)  -> (artifact id: 'f7adff09181a26467af319561435967c') in 0.083175 seconds
  Import took 0.089571 seconds .

========================================================================
Received Import Request.
  Time since last request: 0.000377 seconds.
  path: Assets/Textures/bach_lnoustan 1.psd
  artifactKey: Guid(567c03ae085b7914a9efacad9ac25282) Importer(815301076,1909f56bfc062723c751e8b465ee728b)
Start importing Assets/Textures/bach_lnoustan 1.psd using Guid(567c03ae085b7914a9efacad9ac25282) Importer(815301076,1909f56bfc062723c751e8b465ee728b)  -> (artifact id: '1d98f4670e458318074a1d9e12a313dc') in 0.107542 seconds
  Import took 0.131829 seconds .

========================================================================
Received Import Request.
  Time since last request: 0.000328 seconds.
  path: Assets/Textures/World 3 Atlas.png
  artifactKey: Guid(c17e2cfcdf4e9a340ba22724013fe5d2) Importer(815301076,1909f56bfc062723c751e8b465ee728b)
Start importing Assets/Textures/World 3 Atlas.png using Guid(c17e2cfcdf4e9a340ba22724013fe5d2) Importer(815301076,1909f56bfc062723c751e8b465ee728b)  -> (artifact id: '21b7772280e1bbf35414dda21355e437') in 0.216453 seconds
  Import took 0.223548 seconds .

========================================================================
Received Import Request.
  Time since last request: 0.000335 seconds.
  path: Assets/Textures/Agriculture_Level6_Atlas.png
  artifactKey: Guid(8114d74bedce74e4a885c2af815a0cca) Importer(815301076,1909f56bfc062723c751e8b465ee728b)
Start importing Assets/Textures/Agriculture_Level6_Atlas.png using Guid(8114d74bedce74e4a885c2af815a0cca) Importer(815301076,1909f56bfc062723c751e8b465ee728b)  -> (artifact id: '3b830422014d8b95bfc8db6543d6f14f') in 0.262740 seconds
  Import took 0.321760 seconds .

========================================================================
Received Import Request.
  Time since last request: 0.000463 seconds.
  path: Assets/Textures/bachground_lboustan.psd
  artifactKey: Guid(148c6494b280a134ba45a13b230a3f08) Importer(815301076,1909f56bfc062723c751e8b465ee728b)
Start importing Assets/Textures/bachground_lboustan.psd using Guid(148c6494b280a134ba45a13b230a3f08) Importer(815301076,1909f56bfc062723c751e8b465ee728b)  -> (artifact id: '22c7db15c4531df42c270252427b4bdb') in 0.148491 seconds
  Import took 0.169425 seconds .

========================================================================
Received Import Request.
  Time since last request: 0.000784 seconds.
  path: Assets/Textures/New/Pits/Field.png
  artifactKey: Guid(323cd278cefb0d34f9bd2f1ad2751cbd) Importer(815301076,1909f56bfc062723c751e8b465ee728b)
Start importing Assets/Textures/New/Pits/Field.png using Guid(323cd278cefb0d34f9bd2f1ad2751cbd) Importer(815301076,1909f56bfc062723c751e8b465ee728b)  -> (artifact id: '3f0f0e52366f793d010e1e7f7c147a09') in 0.068380 seconds
  Import took 0.101728 seconds .

========================================================================
Received Import Request.
  Time since last request: 0.000479 seconds.
  path: Assets/Textures/Agriculture_Level3_Atlas-1.png
  artifactKey: Guid(b55e78c14b18f3d4d82a446368c72b74) Importer(815301076,1909f56bfc062723c751e8b465ee728b)
Start importing Assets/Textures/Agriculture_Level3_Atlas-1.png using Guid(b55e78c14b18f3d4d82a446368c72b74) Importer(815301076,1909f56bfc062723c751e8b465ee728b)  -> (artifact id: '3d2c24cc0966907086c2bc91fc27298c') in 0.671250 seconds
  Import took 0.838665 seconds .

========================================================================
Received Import Request.
  Time since last request: 0.000362 seconds.
  path: Assets/Textures/wood-menu.png
  artifactKey: Guid(b0349874066d56545a32bae0c923daf2) Importer(815301076,1909f56bfc062723c751e8b465ee728b)
Start importing Assets/Textures/wood-menu.png using Guid(b0349874066d56545a32bae0c923daf2) Importer(815301076,1909f56bfc062723c751e8b465ee728b)  -> (artifact id: '870f4dad853230acc25b7c5e286f3349') in 0.127759 seconds
  Import took 0.180118 seconds .

========================================================================
Received Import Request.
  Time since last request: 0.000405 seconds.
  path: Assets/Textures/New/Pits/Orchard.png
  artifactKey: Guid(0fe63798bd981294b8b91e31ac56eba3) Importer(815301076,1909f56bfc062723c751e8b465ee728b)
Start importing Assets/Textures/New/Pits/Orchard.png using Guid(0fe63798bd981294b8b91e31ac56eba3) Importer(815301076,1909f56bfc062723c751e8b465ee728b)  -> (artifact id: '7efe3cf3707434f05af16ec9c922f5dd') in 0.075654 seconds
  Import took 0.172694 seconds .

========================================================================
Received Import Request.
  Time since last request: 0.000618 seconds.
  path: Assets/Textures/Atlas2.png
  artifactKey: Guid(baa94dddc371b764498e12fea29f55b5) Importer(815301076,1909f56bfc062723c751e8b465ee728b)
Start importing Assets/Textures/Atlas2.png using Guid(baa94dddc371b764498e12fea29f55b5) Importer(815301076,1909f56bfc062723c751e8b465ee728b)  -> (artifact id: '1b7b2c2ea1235319dd45ce8795de231e') in 1.150241 seconds
  Import took 1.176320 seconds .

========================================================================
Received Import Request.
  Time since last request: 0.000441 seconds.
  path: Assets/Textures/WhatsApp Image 2023-10-09 at 21.34.42.png
  artifactKey: Guid(1dff45a5abf72b744869839281851f25) Importer(815301076,1909f56bfc062723c751e8b465ee728b)
Start importing Assets/Textures/WhatsApp Image 2023-10-09 at 21.34.42.png using Guid(1dff45a5abf72b744869839281851f25) Importer(815301076,1909f56bfc062723c751e8b465ee728b)  -> (artifact id: 'e14046fc777ba60c63eae92397e87420') in 0.190202 seconds
  Import took 0.287701 seconds .

========================================================================
Received Import Request.
  Time since last request: 0.000486 seconds.
  path: Assets/Textures/WhatsApp_Image_2023-10-09_at_23.59.04__1_-removebg-preview (3).png
  artifactKey: Guid(ec2d5fb403c83344eb54e49d78e51698) Importer(815301076,1909f56bfc062723c751e8b465ee728b)
Start importing Assets/Textures/WhatsApp_Image_2023-10-09_at_23.59.04__1_-removebg-preview (3).png using Guid(ec2d5fb403c83344eb54e49d78e51698) Importer(815301076,1909f56bfc062723c751e8b465ee728b)  -> (artifact id: '5447c0a060efd4bf14af454d504411e8') in 0.096173 seconds
  Import took 0.102199 seconds .

========================================================================
Received Import Request.
  Time since last request: 0.000360 seconds.
  path: Assets/Textures/World 2 Atlas.png
  artifactKey: Guid(59d93b9099661d441ab15d3ec5677df1) Importer(815301076,1909f56bfc062723c751e8b465ee728b)
Start importing Assets/Textures/World 2 Atlas.png using Guid(59d93b9099661d441ab15d3ec5677df1) Importer(815301076,1909f56bfc062723c751e8b465ee728b)  -> (artifact id: 'f548bce3a37f41420b693a609b591e88') in 0.219090 seconds
  Import took 0.328199 seconds .

========================================================================
Received Import Request.
  Time since last request: 0.000434 seconds.
  path: Assets/Textures/WhatsApp_Image_2023-10-10_at_00.30.17-removebg-preview.png
  artifactKey: Guid(6c02ed8fa7140354bb141b7cd0dbc7e7) Importer(815301076,1909f56bfc062723c751e8b465ee728b)
Start importing Assets/Textures/WhatsApp_Image_2023-10-10_at_00.30.17-removebg-preview.png using Guid(6c02ed8fa7140354bb141b7cd0dbc7e7) Importer(815301076,1909f56bfc062723c751e8b465ee728b)  -> (artifact id: '48b5f98868f9c3d7f4cf60db59876f4f') in 0.103711 seconds
  Import took 0.123901 seconds .

========================================================================
Received Import Request.
  Time since last request: 0.000390 seconds.
  path: Assets/Textures/WhatsApp_Image_2023-10-06_at_12.03.40-removebg-preview (1).png
  artifactKey: Guid(093ce9f25e2726048bd2ab8e2941fe68) Importer(815301076,1909f56bfc062723c751e8b465ee728b)
Start importing Assets/Textures/WhatsApp_Image_2023-10-06_at_12.03.40-removebg-preview (1).png using Guid(093ce9f25e2726048bd2ab8e2941fe68) Importer(815301076,1909f56bfc062723c751e8b465ee728b)  -> (artifact id: '59c8c6f6f55ed9b58f55b860cf6f6f4d') in 0.071109 seconds
  Import took 0.119295 seconds .

========================================================================
Received Import Request.
  Time since last request: 0.000430 seconds.
  path: Assets/Textures/b.psd
  artifactKey: Guid(9e10148ce030ca946bfca7def441f14b) Importer(815301076,1909f56bfc062723c751e8b465ee728b)
Start importing Assets/Textures/b.psd using Guid(9e10148ce030ca946bfca7def441f14b) Importer(815301076,1909f56bfc062723c751e8b465ee728b)  -> (artifact id: '5c500d6fe40ca9eac2634bf2592cbd6b') in 0.114542 seconds
  Import took 0.129523 seconds .

========================================================================
Received Import Request.
  Time since last request: 0.000297 seconds.
  path: Assets/Textures/WhatsApp_Image_2023-10-06_at_12.03.40-removebg-preview.png
  artifactKey: Guid(487fb51e5db66b3468192cf4da87f778) Importer(815301076,1909f56bfc062723c751e8b465ee728b)
Start importing Assets/Textures/WhatsApp_Image_2023-10-06_at_12.03.40-removebg-preview.png using Guid(487fb51e5db66b3468192cf4da87f778) Importer(815301076,1909f56bfc062723c751e8b465ee728b)  -> (artifact id: '1d6d05b09ecf17d876a1dcc140941e4d') in 0.077079 seconds
  Import took 0.082581 seconds .

========================================================================
Received Import Request.
  Time since last request: 0.000358 seconds.
  path: Assets/Textures/a.png
  artifactKey: Guid(86b95e49c5a721140b383b0d47330ecd) Importer(815301076,1909f56bfc062723c751e8b465ee728b)
Start importing Assets/Textures/a.png using Guid(86b95e49c5a721140b383b0d47330ecd) Importer(815301076,1909f56bfc062723c751e8b465ee728b)  -> (artifact id: 'f1b17ddc830abef5e2f9a1af455bd5e9') in 0.110768 seconds
  Import took 0.129227 seconds .

========================================================================
Received Prepare
Registering precompiled user dll's ...
Registered in 0.042304 seconds.
Begin MonoManager ReloadAssembly
Native extension for WindowsStandalone target not found
Refreshing native plugins compatible for Editor in 1.23 ms, found 1 plugins.
Preloading 0 native plugins for Editor in 0.00 ms.
Invoked RoslynAnalysisRunner static constructor.
RoslynAnalysisRunner will not be running.
RoslynAnalysisRunner has terminated.
Mono: successfully reloaded assembly
- Completed reload, in  1.389 seconds
Platform modules already initialized, skipping
Refreshing native plugins compatible for Editor in 1.15 ms, found 1 plugins.
Preloading 0 native plugins for Editor in 0.00 ms.
Unloading 3047 Unused Serialized files (Serialized files now loaded: 0)
System memory in use before: 133.3 MB.
System memory in use after: 133.5 MB.

Unloading 40 unused Assets to reduce memory usage. Loaded Objects now: 3891.
Total: 3.814000 ms (FindLiveObjects: 0.523600 ms CreateObjectMapping: 0.205800 ms MarkObjects: 3.018600 ms  DeleteObjects: 0.063600 ms)

========================================================================
Received Import Request.
  Time since last request: 5920.424055 seconds.
  path: Assets/Textures/World 3 Atlas_2.png
  artifactKey: Guid(8d564dcd3972102479a65b4d1bb8fdf6) Importer(815301076,1909f56bfc062723c751e8b465ee728b)
Start importing Assets/Textures/World 3 Atlas_2.png using Guid(8d564dcd3972102479a65b4d1bb8fdf6) Importer(815301076,1909f56bfc062723c751e8b465ee728b)  -> (artifact id: 'a57793b2ab38d28b9d0d041b4f8d3feb') in 0.872725 seconds
  Import took 0.917481 seconds .

========================================================================
Received Import Request.
  Time since last request: 0.000782 seconds.
  path: Assets/Textures/zir.png
  artifactKey: Guid(c0fe48fd2633b5a44b2b2157f3d26008) Importer(815301076,1909f56bfc062723c751e8b465ee728b)
Start importing Assets/Textures/zir.png using Guid(c0fe48fd2633b5a44b2b2157f3d26008) Importer(815301076,1909f56bfc062723c751e8b465ee728b)  -> (artifact id: '452d929258a49a2b9e4748737b464903') in 0.158930 seconds
  Import took 0.191331 seconds .

========================================================================
Received Import Request.
  Time since last request: 0.000583 seconds.
  path: Assets/Textures/zire.png
  artifactKey: Guid(415fb35107fe8544ead788090ee4d224) Importer(815301076,1909f56bfc062723c751e8b465ee728b)
Start importing Assets/Textures/zire.png using Guid(415fb35107fe8544ead788090ee4d224) Importer(815301076,1909f56bfc062723c751e8b465ee728b)  -> (artifact id: '409d21cb1b833c96a86ff617d18af3b6') in 0.110549 seconds
  Import took 0.153253 seconds .

========================================================================
Received Prepare
Registering precompiled user dll's ...
Registered in 0.020793 seconds.
Begin MonoManager ReloadAssembly
Native extension for WindowsStandalone target not found
Refreshing native plugins compatible for Editor in 2.43 ms, found 1 plugins.
Preloading 0 native plugins for Editor in 0.00 ms.
Invoked RoslynAnalysisRunner static constructor.
RoslynAnalysisRunner will not be running.
RoslynAnalysisRunner has terminated.
Mono: successfully reloaded assembly
- Completed reload, in  2.621 seconds
Platform modules already initialized, skipping
Refreshing native plugins compatible for Editor in 1.07 ms, found 1 plugins.
Preloading 0 native plugins for Editor in 0.00 ms.
Unloading 3047 Unused Serialized files (Serialized files now loaded: 0)
System memory in use before: 133.4 MB.
System memory in use after: 133.6 MB.

Unloading 40 unused Assets to reduce memory usage. Loaded Objects now: 3926.
Total: 3.820200 ms (FindLiveObjects: 0.572500 ms CreateObjectMapping: 0.188300 ms MarkObjects: 3.009200 ms  DeleteObjects: 0.044700 ms)

========================================================================
Received Prepare
Registering precompiled user dll's ...
Registered in 0.024420 seconds.
Begin MonoManager ReloadAssembly
Native extension for WindowsStandalone target not found
Refreshing native plugins compatible for Editor in 2.37 ms, found 1 plugins.
Preloading 0 native plugins for Editor in 0.00 ms.
Invoked RoslynAnalysisRunner static constructor.
RoslynAnalysisRunner will not be running.
RoslynAnalysisRunner has terminated.
Mono: successfully reloaded assembly
- Completed reload, in  2.972 seconds
Platform modules already initialized, skipping
Refreshing native plugins compatible for Editor in 1.73 ms, found 1 plugins.
Preloading 0 native plugins for Editor in 0.00 ms.
Unloading 3047 Unused Serialized files (Serialized files now loaded: 0)
System memory in use before: 133.4 MB.
System memory in use after: 133.7 MB.

Unloading 40 unused Assets to reduce memory usage. Loaded Objects now: 3930.
Total: 5.484800 ms (FindLiveObjects: 0.876600 ms CreateObjectMapping: 0.246100 ms MarkObjects: 4.299400 ms  DeleteObjects: 0.060400 ms)

========================================================================
Received Prepare
Registering precompiled user dll's ...
Registered in 0.029038 seconds.
Begin MonoManager ReloadAssembly
Native extension for WindowsStandalone target not found
Refreshing native plugins compatible for Editor in 1.16 ms, found 1 plugins.
Preloading 0 native plugins for Editor in 0.00 ms.
Invoked RoslynAnalysisRunner static constructor.
RoslynAnalysisRunner will not be running.
RoslynAnalysisRunner has terminated.
Mono: successfully reloaded assembly
- Completed reload, in  1.230 seconds
Platform modules already initialized, skipping
Refreshing native plugins compatible for Editor in 0.93 ms, found 1 plugins.
Preloading 0 native plugins for Editor in 0.00 ms.
Unloading 3047 Unused Serialized files (Serialized files now loaded: 0)
System memory in use before: 133.5 MB.
System memory in use after: 133.7 MB.

Unloading 40 unused Assets to reduce memory usage. Loaded Objects now: 3934.
Total: 4.388500 ms (FindLiveObjects: 0.503900 ms CreateObjectMapping: 0.269800 ms MarkObjects: 3.557300 ms  DeleteObjects: 0.055800 ms)

AssetImportWorkerClient::OnTransportError - code=2 error=End of file
